This is pdfTeX, Version 3.14159265-2.6-1.40.19 (TeX Live 2019/dev/Debian) (preloaded format=pdflatex 2019.5.7)  8 MAY 2019 16:44
entering extended mode
 restricted \write18 enabled.
 %&-line parsing enabled.
**2in1.tex
(./2in1.tex
LaTeX2e <2018-04-01> patch level 5

! LaTeX Error: File `sdaps.cls' not found.

Type X to quit or <RETURN> to proceed,
or enter new name. (Default extension: cls)

Enter file name: 
! Emergency stop.
<read *> 
         
l.29 \usepackage
                [utf8]{inputenc}^^M
*** (cannot \read from terminal in nonstop modes)

 
Here is how much of TeX's memory you used:
 10 strings out of 494468
 179 string characters out of 6175061
 52045 words of memory out of 5000000
 3761 multiletter control sequences out of 15000+600000
 3640 words of font info for 14 fonts, out of 8000000 for 9000
 81 hyphenation exceptions out of 8191
 10i,0n,8p,88b,8s stack positions out of 5000i,500n,10000p,200000b,80000s
!  ==> Fatal error occurred, no output PDF file produced!
